2024-10-06 23:23:53.296 [main] INFO  com.practice.QLTV.QltvApplication - Starting QltvApplication using Java 17.0.12 with PID 9628 (C:\Users\Admin\Documents\QLTV\QLTV\target\classes started by Admin in C:\Users\Admin\Documents\QLTV\QLTV)
2024-10-06 23:23:53.312 [main] INFO  com.practice.QLTV.QltvApplication - No active profile set, falling back to 1 default profile: "default"
2024-10-06 23:23:57.793 [main] INFO  o.s.d.r.c.RepositoryConfigurationDelegate - Bootstrapping Spring Data JPA repositories in DEFAULT mode.
2024-10-06 23:23:57.879 [main] INFO  o.s.d.r.c.RepositoryConfigurationDelegate - Finished Spring Data repository scanning in 75 ms. Found 10 JPA repository interfaces.
2024-10-06 23:23:58.505 [main] INFO  o.s.b.w.e.tomcat.TomcatWebServer - Tomcat initialized with port 8080 (http)
2024-10-06 23:23:58.516 [main] INFO  o.a.coyote.http11.Http11NioProtocol - Initializing ProtocolHandler ["http-nio-8080"]
2024-10-06 23:23:58.520 [main] INFO  o.a.catalina.core.StandardService - Starting service [Tomcat]
2024-10-06 23:23:58.521 [main] INFO  o.a.catalina.core.StandardEngine - Starting Servlet engine: [Apache Tomcat/10.1.30]
2024-10-06 23:23:58.613 [main] INFO  o.a.c.c.C.[.[localhost].[/QLTV] - Initializing Spring embedded WebApplicationContext
2024-10-06 23:23:58.613 [main] INFO  o.s.b.w.s.c.ServletWebServerApplicationContext - Root WebApplicationContext: initialization completed in 5250 ms
2024-10-06 23:23:58.816 [main] INFO  o.h.jpa.internal.util.LogHelper - HHH000204: Processing PersistenceUnitInfo [name: default]
2024-10-06 23:23:58.886 [main] INFO  org.hibernate.Version - HHH000412: Hibernate ORM core version 6.5.3.Final
2024-10-06 23:23:58.935 [main] INFO  o.h.c.i.RegionFactoryInitiator - HHH000026: Second-level cache disabled
2024-10-06 23:23:59.362 [main] INFO  o.s.o.j.p.SpringPersistenceUnitInfo - No LoadTimeWeaver setup: ignoring JPA class transformer
2024-10-06 23:23:59.394 [main] INFO  com.zaxxer.hikari.HikariDataSource - HikariPool-1 - Starting...
2024-10-06 23:24:00.248 [main] INFO  com.zaxxer.hikari.pool.HikariPool - HikariPool-1 - Added connection com.mysql.cj.jdbc.ConnectionImpl@6ec98ccc
2024-10-06 23:24:00.250 [main] INFO  com.zaxxer.hikari.HikariDataSource - HikariPool-1 - Start completed.
2024-10-06 23:24:01.775 [main] INFO  o.h.e.t.j.p.i.JtaPlatformInitiator - HHH000489: No JTA platform available (set 'hibernate.transaction.jta.platform' to enable JTA platform integration)
2024-10-06 23:24:02.387 [main] INFO  o.s.o.j.LocalContainerEntityManagerFactoryBean - Initialized JPA EntityManagerFactory for persistence unit 'default'
2024-10-06 23:24:03.232 [main] INFO  o.s.d.j.r.query.QueryEnhancerFactory - Hibernate is in classpath; If applicable, HQL parser will be used.
2024-10-06 23:24:03.781 [main] WARN  o.s.b.a.o.j.JpaBaseConfiguration$JpaWebConfiguration - spring.jpa.open-in-view is enabled by default. Therefore, database queries may be performed during view rendering. Explicitly configure spring.jpa.open-in-view to disable this warning
2024-10-06 23:24:04.767 [main] INFO  o.a.coyote.http11.Http11NioProtocol - Starting ProtocolHandler ["http-nio-8080"]
2024-10-06 23:24:04.798 [main] INFO  o.s.b.w.e.tomcat.TomcatWebServer - Tomcat started on port 8080 (http) with context path '/QLTV'
2024-10-06 23:24:04.807 [main] INFO  com.practice.QLTV.QltvApplication - Started QltvApplication in 11.985 seconds (process running for 13.745)
2024-10-06 23:26:19.233 [http-nio-8080-exec-5] INFO  o.a.c.c.C.[.[localhost].[/QLTV] - Initializing Spring DispatcherServlet 'dispatcherServlet'
2024-10-06 23:26:19.235 [http-nio-8080-exec-5] INFO  o.s.web.servlet.DispatcherServlet - Initializing Servlet 'dispatcherServlet'
2024-10-06 23:26:19.239 [http-nio-8080-exec-5] INFO  o.s.web.servlet.DispatcherServlet - Completed initialization in 3 ms
2024-10-06 23:26:19.573 [http-nio-8080-exec-5] WARN  o.a.c.util.SessionIdGeneratorBase - Creation of SecureRandom instance for session ID generation using [SHA1PRNG] took [152] milliseconds.
2024-10-06 23:27:07.891 [SpringApplicationShutdownHook] INFO  o.s.o.j.LocalContainerEntityManagerFactoryBean - Closing JPA EntityManagerFactory for persistence unit 'default'
2024-10-06 23:27:07.907 [SpringApplicationShutdownHook] INFO  com.zaxxer.hikari.HikariDataSource - HikariPool-1 - Shutdown initiated...
2024-10-06 23:27:07.979 [SpringApplicationShutdownHook] INFO  com.zaxxer.hikari.HikariDataSource - HikariPool-1 - Shutdown completed.
2024-10-06 23:27:13.757 [main] INFO  com.practice.QLTV.QltvApplication - Starting QltvApplication using Java 17.0.12 with PID 10628 (C:\Users\Admin\Documents\QLTV\QLTV\target\classes started by Admin in C:\Users\Admin\Documents\QLTV\QLTV)
2024-10-06 23:27:13.759 [main] INFO  com.practice.QLTV.QltvApplication - No active profile set, falling back to 1 default profile: "default"
2024-10-06 23:27:14.850 [main] INFO  o.s.d.r.c.RepositoryConfigurationDelegate - Bootstrapping Spring Data JPA repositories in DEFAULT mode.
2024-10-06 23:27:14.973 [main] INFO  o.s.d.r.c.RepositoryConfigurationDelegate - Finished Spring Data repository scanning in 108 ms. Found 10 JPA repository interfaces.
2024-10-06 23:27:15.636 [main] INFO  o.s.b.w.e.tomcat.TomcatWebServer - Tomcat initialized with port 8080 (http)
2024-10-06 23:27:15.647 [main] INFO  o.a.coyote.http11.Http11NioProtocol - Initializing ProtocolHandler ["http-nio-8080"]
2024-10-06 23:27:15.650 [main] INFO  o.a.catalina.core.StandardService - Starting service [Tomcat]
2024-10-06 23:27:15.650 [main] INFO  o.a.catalina.core.StandardEngine - Starting Servlet engine: [Apache Tomcat/10.1.30]
2024-10-06 23:27:15.733 [main] INFO  o.a.c.c.C.[.[localhost].[/QLTV] - Initializing Spring embedded WebApplicationContext
2024-10-06 23:27:15.733 [main] INFO  o.s.b.w.s.c.ServletWebServerApplicationContext - Root WebApplicationContext: initialization completed in 1926 ms
2024-10-06 23:27:15.964 [main] INFO  o.h.jpa.internal.util.LogHelper - HHH000204: Processing PersistenceUnitInfo [name: default]
2024-10-06 23:27:16.038 [main] INFO  org.hibernate.Version - HHH000412: Hibernate ORM core version 6.5.3.Final
2024-10-06 23:27:16.079 [main] INFO  o.h.c.i.RegionFactoryInitiator - HHH000026: Second-level cache disabled
2024-10-06 23:27:16.426 [main] INFO  o.s.o.j.p.SpringPersistenceUnitInfo - No LoadTimeWeaver setup: ignoring JPA class transformer
2024-10-06 23:27:16.459 [main] INFO  com.zaxxer.hikari.HikariDataSource - HikariPool-1 - Starting...
2024-10-06 23:27:16.962 [main] INFO  com.zaxxer.hikari.pool.HikariPool - HikariPool-1 - Added connection com.mysql.cj.jdbc.ConnectionImpl@1f19d423
2024-10-06 23:27:16.965 [main] INFO  com.zaxxer.hikari.HikariDataSource - HikariPool-1 - Start completed.
2024-10-06 23:27:18.233 [main] INFO  o.h.e.t.j.p.i.JtaPlatformInitiator - HHH000489: No JTA platform available (set 'hibernate.transaction.jta.platform' to enable JTA platform integration)
2024-10-06 23:27:18.559 [main] INFO  o.s.o.j.LocalContainerEntityManagerFactoryBean - Initialized JPA EntityManagerFactory for persistence unit 'default'
2024-10-06 23:27:18.882 [main] INFO  o.s.d.j.r.query.QueryEnhancerFactory - Hibernate is in classpath; If applicable, HQL parser will be used.
2024-10-06 23:27:19.251 [main] WARN  o.s.b.a.o.j.JpaBaseConfiguration$JpaWebConfiguration - spring.jpa.open-in-view is enabled by default. Therefore, database queries may be performed during view rendering. Explicitly configure spring.jpa.open-in-view to disable this warning
2024-10-06 23:27:20.021 [main] INFO  o.a.coyote.http11.Http11NioProtocol - Starting ProtocolHandler ["http-nio-8080"]
2024-10-06 23:27:20.045 [main] INFO  o.s.b.w.e.tomcat.TomcatWebServer - Tomcat started on port 8080 (http) with context path '/QLTV'
2024-10-06 23:27:20.053 [main] INFO  com.practice.QLTV.QltvApplication - Started QltvApplication in 6.792 seconds (process running for 7.67)
2024-10-06 23:30:07.056 [http-nio-8080-exec-6] INFO  o.a.c.c.C.[.[localhost].[/QLTV] - Initializing Spring DispatcherServlet 'dispatcherServlet'
2024-10-06 23:30:07.057 [http-nio-8080-exec-6] INFO  o.s.web.servlet.DispatcherServlet - Initializing Servlet 'dispatcherServlet'
2024-10-06 23:30:07.058 [http-nio-8080-exec-6] INFO  o.s.web.servlet.DispatcherServlet - Completed initialization in 1 ms
2024-10-06 23:30:37.264 [http-nio-8080-exec-10] INFO  o.s.api.AbstractOpenApiResource - Init duration for springdoc-openapi is: 2332 ms
2024-10-06 23:37:25.652 [SpringApplicationShutdownHook] INFO  o.s.o.j.LocalContainerEntityManagerFactoryBean - Closing JPA EntityManagerFactory for persistence unit 'default'
2024-10-06 23:37:25.739 [SpringApplicationShutdownHook] INFO  com.zaxxer.hikari.HikariDataSource - HikariPool-1 - Shutdown initiated...
2024-10-06 23:37:25.974 [SpringApplicationShutdownHook] INFO  com.zaxxer.hikari.HikariDataSource - HikariPool-1 - Shutdown completed.
2024-10-06 23:40:06.262 [main] INFO  com.practice.QLTV.QltvApplication - Starting QltvApplication using Java 17.0.12 with PID 9068 (C:\Users\Admin\Documents\QLTV\QLTV\target\classes started by Admin in C:\Users\Admin\Documents\QLTV\QLTV)
2024-10-06 23:40:06.264 [main] INFO  com.practice.QLTV.QltvApplication - No active profile set, falling back to 1 default profile: "default"
2024-10-06 23:40:07.566 [main] INFO  o.s.d.r.c.RepositoryConfigurationDelegate - Bootstrapping Spring Data JPA repositories in DEFAULT mode.
2024-10-06 23:40:07.675 [main] INFO  o.s.d.r.c.RepositoryConfigurationDelegate - Finished Spring Data repository scanning in 96 ms. Found 10 JPA repository interfaces.
2024-10-06 23:40:08.355 [main] INFO  o.s.b.w.e.tomcat.TomcatWebServer - Tomcat initialized with port 8080 (http)
2024-10-06 23:40:08.365 [main] INFO  o.a.coyote.http11.Http11NioProtocol - Initializing ProtocolHandler ["http-nio-8080"]
2024-10-06 23:40:08.367 [main] INFO  o.a.catalina.core.StandardService - Starting service [Tomcat]
2024-10-06 23:40:08.367 [main] INFO  o.a.catalina.core.StandardEngine - Starting Servlet engine: [Apache Tomcat/10.1.30]
2024-10-06 23:40:08.467 [main] INFO  o.a.c.c.C.[.[localhost].[/QLTV] - Initializing Spring embedded WebApplicationContext
2024-10-06 23:40:08.467 [main] INFO  o.s.b.w.s.c.ServletWebServerApplicationContext - Root WebApplicationContext: initialization completed in 2157 ms
2024-10-06 23:40:08.651 [main] INFO  o.h.jpa.internal.util.LogHelper - HHH000204: Processing PersistenceUnitInfo [name: default]
2024-10-06 23:40:08.722 [main] INFO  org.hibernate.Version - HHH000412: Hibernate ORM core version 6.5.3.Final
2024-10-06 23:40:08.766 [main] INFO  o.h.c.i.RegionFactoryInitiator - HHH000026: Second-level cache disabled
2024-10-06 23:40:09.220 [main] INFO  o.s.o.j.p.SpringPersistenceUnitInfo - No LoadTimeWeaver setup: ignoring JPA class transformer
2024-10-06 23:40:09.268 [main] INFO  com.zaxxer.hikari.HikariDataSource - HikariPool-1 - Starting...
2024-10-06 23:40:09.918 [main] INFO  com.zaxxer.hikari.pool.HikariPool - HikariPool-1 - Added connection com.mysql.cj.jdbc.ConnectionImpl@46fa2a7e
2024-10-06 23:40:09.925 [main] INFO  com.zaxxer.hikari.HikariDataSource - HikariPool-1 - Start completed.
2024-10-06 23:40:11.150 [main] INFO  o.h.e.t.j.p.i.JtaPlatformInitiator - HHH000489: No JTA platform available (set 'hibernate.transaction.jta.platform' to enable JTA platform integration)
2024-10-06 23:40:12.423 [main] INFO  o.s.o.j.LocalContainerEntityManagerFactoryBean - Initialized JPA EntityManagerFactory for persistence unit 'default'
2024-10-06 23:40:12.811 [main] INFO  o.s.d.j.r.query.QueryEnhancerFactory - Hibernate is in classpath; If applicable, HQL parser will be used.
2024-10-06 23:40:13.192 [main] WARN  o.s.b.a.o.j.JpaBaseConfiguration$JpaWebConfiguration - spring.jpa.open-in-view is enabled by default. Therefore, database queries may be performed during view rendering. Explicitly configure spring.jpa.open-in-view to disable this warning
2024-10-06 23:40:13.932 [main] INFO  o.a.coyote.http11.Http11NioProtocol - Starting ProtocolHandler ["http-nio-8080"]
2024-10-06 23:40:13.952 [main] INFO  o.s.b.w.e.tomcat.TomcatWebServer - Tomcat started on port 8080 (http) with context path '/QLTV'
2024-10-06 23:40:13.983 [main] INFO  com.practice.QLTV.QltvApplication - Started QltvApplication in 8.18 seconds (process running for 8.983)
2024-10-06 23:40:49.482 [http-nio-8080-exec-1] INFO  o.a.c.c.C.[.[localhost].[/QLTV] - Initializing Spring DispatcherServlet 'dispatcherServlet'
2024-10-06 23:40:49.482 [http-nio-8080-exec-1] INFO  o.s.web.servlet.DispatcherServlet - Initializing Servlet 'dispatcherServlet'
2024-10-06 23:40:49.484 [http-nio-8080-exec-1] INFO  o.s.web.servlet.DispatcherServlet - Completed initialization in 2 ms
2024-10-06 23:40:51.237 [http-nio-8080-exec-10] INFO  o.s.api.AbstractOpenApiResource - Init duration for springdoc-openapi is: 1280 ms
2024-10-06 23:43:19.460 [http-nio-8080-exec-10] WARN  o.a.c.util.SessionIdGeneratorBase - Creation of SecureRandom instance for session ID generation using [SHA1PRNG] took [243] milliseconds.
2024-10-06 23:49:25.826 [SpringApplicationShutdownHook] INFO  o.s.o.j.LocalContainerEntityManagerFactoryBean - Closing JPA EntityManagerFactory for persistence unit 'default'
2024-10-06 23:49:25.890 [SpringApplicationShutdownHook] INFO  com.zaxxer.hikari.HikariDataSource - HikariPool-1 - Shutdown initiated...
2024-10-06 23:49:26.117 [SpringApplicationShutdownHook] INFO  com.zaxxer.hikari.HikariDataSource - HikariPool-1 - Shutdown completed.
2024-10-06 23:49:35.665 [main] INFO  com.practice.QLTV.QltvApplication - Starting QltvApplication using Java 17.0.12 with PID 14876 (C:\Users\Admin\Documents\QLTV\QLTV\target\classes started by Admin in C:\Users\Admin\Documents\QLTV\QLTV)
2024-10-06 23:49:35.669 [main] INFO  com.practice.QLTV.QltvApplication - No active profile set, falling back to 1 default profile: "default"
2024-10-06 23:49:38.075 [main] INFO  o.s.d.r.c.RepositoryConfigurationDelegate - Bootstrapping Spring Data JPA repositories in DEFAULT mode.
2024-10-06 23:49:38.196 [main] INFO  o.s.d.r.c.RepositoryConfigurationDelegate - Finished Spring Data repository scanning in 110 ms. Found 10 JPA repository interfaces.
2024-10-06 23:49:39.208 [main] INFO  o.s.b.w.e.tomcat.TomcatWebServer - Tomcat initialized with port 8080 (http)
2024-10-06 23:49:39.227 [main] INFO  o.a.coyote.http11.Http11NioProtocol - Initializing ProtocolHandler ["http-nio-8080"]
2024-10-06 23:49:39.231 [main] INFO  o.a.catalina.core.StandardService - Starting service [Tomcat]
2024-10-06 23:49:39.231 [main] INFO  o.a.catalina.core.StandardEngine - Starting Servlet engine: [Apache Tomcat/10.1.30]
2024-10-06 23:49:39.372 [main] INFO  o.a.c.c.C.[.[localhost].[/QLTV] - Initializing Spring embedded WebApplicationContext
2024-10-06 23:49:39.374 [main] INFO  o.s.b.w.s.c.ServletWebServerApplicationContext - Root WebApplicationContext: initialization completed in 3631 ms
2024-10-06 23:49:39.713 [main] INFO  o.h.jpa.internal.util.LogHelper - HHH000204: Processing PersistenceUnitInfo [name: default]
2024-10-06 23:49:39.798 [main] INFO  org.hibernate.Version - HHH000412: Hibernate ORM core version 6.5.3.Final
2024-10-06 23:49:39.846 [main] INFO  o.h.c.i.RegionFactoryInitiator - HHH000026: Second-level cache disabled
2024-10-06 23:49:40.529 [main] INFO  o.s.o.j.p.SpringPersistenceUnitInfo - No LoadTimeWeaver setup: ignoring JPA class transformer
2024-10-06 23:49:40.573 [main] INFO  com.zaxxer.hikari.HikariDataSource - HikariPool-1 - Starting...
2024-10-06 23:49:41.974 [main] INFO  com.zaxxer.hikari.pool.HikariPool - HikariPool-1 - Added connection com.mysql.cj.jdbc.ConnectionImpl@37142579
2024-10-06 23:49:41.979 [main] INFO  com.zaxxer.hikari.HikariDataSource - HikariPool-1 - Start completed.
2024-10-06 23:49:44.413 [main] INFO  o.h.e.t.j.p.i.JtaPlatformInitiator - HHH000489: No JTA platform available (set 'hibernate.transaction.jta.platform' to enable JTA platform integration)
2024-10-06 23:49:45.097 [main] INFO  o.s.o.j.LocalContainerEntityManagerFactoryBean - Initialized JPA EntityManagerFactory for persistence unit 'default'
2024-10-06 23:49:45.944 [main] INFO  o.s.d.j.r.query.QueryEnhancerFactory - Hibernate is in classpath; If applicable, HQL parser will be used.
2024-10-06 23:49:46.841 [main] WARN  o.s.b.a.o.j.JpaBaseConfiguration$JpaWebConfiguration - spring.jpa.open-in-view is enabled by default. Therefore, database queries may be performed during view rendering. Explicitly configure spring.jpa.open-in-view to disable this warning
2024-10-06 23:49:48.817 [main] INFO  o.a.coyote.http11.Http11NioProtocol - Starting ProtocolHandler ["http-nio-8080"]
2024-10-06 23:49:48.893 [main] INFO  o.s.b.w.e.tomcat.TomcatWebServer - Tomcat started on port 8080 (http) with context path '/QLTV'
2024-10-06 23:49:48.913 [main] INFO  com.practice.QLTV.QltvApplication - Started QltvApplication in 13.926 seconds (process running for 15.152)
2024-10-06 23:49:55.925 [http-nio-8080-exec-2] INFO  o.a.c.c.C.[.[localhost].[/QLTV] - Initializing Spring DispatcherServlet 'dispatcherServlet'
2024-10-06 23:49:55.925 [http-nio-8080-exec-2] INFO  o.s.web.servlet.DispatcherServlet - Initializing Servlet 'dispatcherServlet'
2024-10-06 23:49:55.927 [http-nio-8080-exec-2] INFO  o.s.web.servlet.DispatcherServlet - Completed initialization in 1 ms
2024-10-06 23:52:43.169 [SpringApplicationShutdownHook] INFO  o.s.o.j.LocalContainerEntityManagerFactoryBean - Closing JPA EntityManagerFactory for persistence unit 'default'
2024-10-06 23:52:43.351 [SpringApplicationShutdownHook] INFO  com.zaxxer.hikari.HikariDataSource - HikariPool-1 - Shutdown initiated...
2024-10-06 23:52:43.494 [SpringApplicationShutdownHook] INFO  com.zaxxer.hikari.HikariDataSource - HikariPool-1 - Shutdown completed.
2024-10-06 23:52:54.975 [main] INFO  com.practice.QLTV.QltvApplication - Starting QltvApplication using Java 17.0.12 with PID 8344 (C:\Users\Admin\Documents\QLTV\QLTV\target\classes started by Admin in C:\Users\Admin\Documents\QLTV\QLTV)
2024-10-06 23:52:54.975 [main] INFO  com.practice.QLTV.QltvApplication - No active profile set, falling back to 1 default profile: "default"
2024-10-06 23:52:56.957 [main] INFO  o.s.d.r.c.RepositoryConfigurationDelegate - Bootstrapping Spring Data JPA repositories in DEFAULT mode.
2024-10-06 23:52:57.148 [main] INFO  o.s.d.r.c.RepositoryConfigurationDelegate - Finished Spring Data repository scanning in 176 ms. Found 10 JPA repository interfaces.
2024-10-06 23:52:58.624 [main] INFO  o.s.b.w.e.tomcat.TomcatWebServer - Tomcat initialized with port 8080 (http)
2024-10-06 23:52:58.640 [main] INFO  o.a.coyote.http11.Http11NioProtocol - Initializing ProtocolHandler ["http-nio-8080"]
2024-10-06 23:52:58.648 [main] INFO  o.a.catalina.core.StandardService - Starting service [Tomcat]
2024-10-06 23:52:58.648 [main] INFO  o.a.catalina.core.StandardEngine - Starting Servlet engine: [Apache Tomcat/10.1.30]
2024-10-06 23:52:58.759 [main] INFO  o.a.c.c.C.[.[localhost].[/QLTV] - Initializing Spring embedded WebApplicationContext
2024-10-06 23:52:58.759 [main] INFO  o.s.b.w.s.c.ServletWebServerApplicationContext - Root WebApplicationContext: initialization completed in 3702 ms
2024-10-06 23:52:59.305 [main] INFO  o.h.jpa.internal.util.LogHelper - HHH000204: Processing PersistenceUnitInfo [name: default]
2024-10-06 23:52:59.498 [main] INFO  org.hibernate.Version - HHH000412: Hibernate ORM core version 6.5.3.Final
2024-10-06 23:52:59.595 [main] INFO  o.h.c.i.RegionFactoryInitiator - HHH000026: Second-level cache disabled
2024-10-06 23:53:00.520 [main] INFO  o.s.o.j.p.SpringPersistenceUnitInfo - No LoadTimeWeaver setup: ignoring JPA class transformer
2024-10-06 23:53:00.616 [main] INFO  com.zaxxer.hikari.HikariDataSource - HikariPool-1 - Starting...
2024-10-06 23:53:01.948 [main] INFO  com.zaxxer.hikari.pool.HikariPool - HikariPool-1 - Added connection com.mysql.cj.jdbc.ConnectionImpl@68f79b7c
2024-10-06 23:53:01.954 [main] INFO  com.zaxxer.hikari.HikariDataSource - HikariPool-1 - Start completed.
2024-10-06 23:53:06.642 [main] INFO  o.h.e.t.j.p.i.JtaPlatformInitiator - HHH000489: No JTA platform available (set 'hibernate.transaction.jta.platform' to enable JTA platform integration)
2024-10-06 23:53:07.639 [main] INFO  o.s.o.j.LocalContainerEntityManagerFactoryBean - Initialized JPA EntityManagerFactory for persistence unit 'default'
2024-10-06 23:53:09.363 [main] INFO  o.s.d.j.r.query.QueryEnhancerFactory - Hibernate is in classpath; If applicable, HQL parser will be used.
2024-10-06 23:53:11.547 [main] WARN  o.s.b.a.o.j.JpaBaseConfiguration$JpaWebConfiguration - spring.jpa.open-in-view is enabled by default. Therefore, database queries may be performed during view rendering. Explicitly configure spring.jpa.open-in-view to disable this warning
2024-10-06 23:53:16.417 [main] INFO  o.a.coyote.http11.Http11NioProtocol - Starting ProtocolHandler ["http-nio-8080"]
2024-10-06 23:53:16.498 [main] INFO  o.s.b.w.e.tomcat.TomcatWebServer - Tomcat started on port 8080 (http) with context path '/QLTV'
2024-10-06 23:53:16.531 [main] INFO  com.practice.QLTV.QltvApplication - Started QltvApplication in 22.371 seconds (process running for 24.335)
2024-10-06 23:53:49.075 [http-nio-8080-exec-1] INFO  o.a.c.c.C.[.[localhost].[/QLTV] - Initializing Spring DispatcherServlet 'dispatcherServlet'
2024-10-06 23:53:49.078 [http-nio-8080-exec-1] INFO  o.s.web.servlet.DispatcherServlet - Initializing Servlet 'dispatcherServlet'
2024-10-06 23:53:49.084 [http-nio-8080-exec-1] INFO  o.s.web.servlet.DispatcherServlet - Completed initialization in 5 ms
2024-10-06 23:55:39.745 [SpringApplicationShutdownHook] INFO  o.s.o.j.LocalContainerEntityManagerFactoryBean - Closing JPA EntityManagerFactory for persistence unit 'default'
2024-10-06 23:55:39.745 [SpringApplicationShutdownHook] INFO  com.zaxxer.hikari.HikariDataSource - HikariPool-1 - Shutdown initiated...
2024-10-06 23:55:39.812 [SpringApplicationShutdownHook] INFO  com.zaxxer.hikari.HikariDataSource - HikariPool-1 - Shutdown completed.
